2019-03-18T10:23:56+00:00 CRITICAL Maximum execution time of 30 seconds exceeded in C:\xampp\htdocs\wordpress\wp-admin\includes\post.php on line 20

2019-03-18T10:24:35+00:00 CRITICAL Maximum execution time of 30 seconds exceeded in C:\xampp\htdocs\wordpress\wp-admin\includes\taxonomy.php on line 24

2019-03-18T10:24:37+00:00 CRITICAL Maximum execution time of 30 seconds exceeded in C:\xampp\htdocs\wordpress\wp-includes\class-wp-theme.php on line 1143

2019-03-18T10:28:06+00:00 CRITICAL Maximum execution time of 30 seconds exceeded in C:\xampp\htdocs\wordpress\wp-admin\includes\user.php on line 16

2019-03-18T11:29:30+00:00 CRITICAL Maximum execution time of 30 seconds exceeded in C:\xampp\htdocs\wordpress\wp-content\themes\enfold\class.theme-modules.php on line 4

2019-03-18T11:29:31+00:00 CRITICAL Maximum execution time of 30 seconds exceeded in C:\xampp\htdocs\wordpress\wp-content\themes\enfold\includes\helper-privacy.php on line 20

2019-03-18T11:30:14+00:00 CRITICAL Maximum execution time of 30 seconds exceeded in C:\xampp\htdocs\wordpress\wp-admin\includes\meta-boxes.php on line 22

2019-03-18T11:37:02+00:00 CRITICAL Maximum execution time of 30 seconds exceeded in C:\xampp\htdocs\wordpress\wp-includes\wp-db.php on line 2007

2019-03-18T11:38:10+00:00 CRITICAL Maximum execution time of 30 seconds exceeded in C:\xampp\htdocs\wordpress\wp-content\themes\enfold\framework\php\class-framework-widgets.php on line 1

2019-03-18T15:15:00+00:00 CRITICAL Maximum execution time of 30 seconds exceeded in C:\xampp\htdocs\wordpress\wp-includes\customize\class-wp-customize-nav-menu-setting.php on line 21

2019-03-18T15:15:16+00:00 CRITICAL Maximum execution time of 30 seconds exceeded in C:\xampp\htdocs\wordpress\wp-content\plugins\woocommerce\includes\wc-template-functions.php on line 16

2019-03-18T15:25:16+00:00 CRITICAL Maximum execution time of 30 seconds exceeded in C:\xampp\htdocs\wordpress\wp-content\themes\enfold\class.theme-modules.php on line 66

2019-03-18T15:25:49+00:00 CRITICAL Maximum execution time of 30 seconds exceeded in C:\xampp\htdocs\wordpress\wp-content\themes\enfold\class.theme-modules.php on line 66

2019-03-18T15:26:39+00:00 CRITICAL Maximum execution time of 30 seconds exceeded in C:\xampp\htdocs\wordpress\wp-content\themes\enfold\class.theme-modules.php on line 57

2019-03-18T15:27:29+00:00 CRITICAL Maximum execution time of 30 seconds exceeded in C:\xampp\htdocs\wordpress\wp-content\themes\enfold\class.theme-modules.php on line 57

2019-03-18T15:32:01+00:00 CRITICAL Maximum execution time of 30 seconds exceeded in C:\xampp\htdocs\wordpress\wp-content\themes\enfold\class.theme-modules.php on line 57

2019-03-18T15:32:36+00:00 CRITICAL Maximum execution time of 30 seconds exceeded in C:\xampp\htdocs\wordpress\wp-content\themes\enfold\class.theme-modules.php on line 57

2019-03-18T15:33:42+00:00 CRITICAL Maximum execution time of 30 seconds exceeded in C:\xampp\htdocs\wordpress\wp-content\themes\enfold\class.theme-modules.php on line 57

2019-03-18T15:39:50+00:00 CRITICAL Maximum execution time of 30 seconds exceeded in C:\xampp\htdocs\wordpress\wp-content\themes\enfold\framework\php\class-htmlhelper.php on line 1

2019-03-18T15:40:55+00:00 CRITICAL Maximum execution time of 30 seconds exceeded in C:\xampp\htdocs\wordpress\wp-admin\includes\user.php on line 16

2019-03-18T16:16:20+00:00 CRITICAL Maximum execution time of 30 seconds exceeded in C:\xampp\htdocs\wordpress\wp-content\themes\enfold\framework\php\class-htmlhelper.php on line 1

2019-03-18T16:16:36+00:00 CRITICAL Maximum execution time of 30 seconds exceeded in C:\xampp\htdocs\wordpress\wp-admin\includes\media.php on line 16

2019-03-18T16:16:38+00:00 CRITICAL Maximum execution time of 30 seconds exceeded in C:\xampp\htdocs\wordpress\wp-admin\includes\template.php on line 12

2019-03-18T18:46:24+00:00 CRITICAL Maximum execution time of 30 seconds exceeded in C:\xampp\htdocs\wordpress\wp-includes\rest-api\class-wp-rest-server.php on line 837

2019-03-18T18:46:32+00:00 CRITICAL Maximum execution time of 30 seconds exceeded in C:\xampp\htdocs\wordpress\wp-content\themes\enfold\functions-enfold.php on line 10

2019-03-18T18:46:34+00:00 CRITICAL Maximum execution time of 30 seconds exceeded in C:\xampp\htdocs\wordpress\wp-content\plugins\woocommerce\includes\libraries\action-scheduler\classes\ActionScheduler_wpPostStore_PostTypeRegistrar.php on line 7

2019-03-18T18:46:41+00:00 CRITICAL Maximum execution time of 30 seconds exceeded in C:\xampp\htdocs\wordpress\wp-content\themes\enfold\config-layerslider\LayerSlider\classes\class.ls.posts.php on line 3

2019-03-18T18:46:54+00:00 CRITICAL Maximum execution time of 30 seconds exceeded in C:\xampp\htdocs\wordpress\wp-content\themes\enfold\config-templatebuilder\avia-shortcodes\hr\hr.php on line 9

2019-03-18T18:47:45+00:00 CRITICAL Maximum execution time of 30 seconds exceeded in C:\xampp\htdocs\wordpress\wp-admin\includes\media.php on line 16

